<?xml version="1.0" encoding="UTF-8"?>
<!-- Generated by org.testng.reporters.JUnitReportReporter -->
<testsuite hostname="BGMacs-iMac.local" failures="0" tests="16" name="French_Lang.Launch_RideNow_ScheduleLater_StartTripEarly" time="1.895" errors="1" timestamp="2025-06-18T13:11:54 IST" skipped="15">
  <testcase classname="French_Lang.Launch_RideNow_ScheduleLater_StartTripEarly" name="testOnLanguagePage" time="0.000">
    <skipped/>
  </testcase> <!-- testOnLanguagePage -->
  <system-out/>
  <testcase classname="French_Lang.Launch_RideNow_ScheduleLater_StartTripEarly" name="testOnpickUpPage" time="0.000">
    <skipped/>
  </testcase> <!-- testOnpickUpPage -->
  <system-out/>
  <testcase classname="French_Lang.Launch_RideNow_ScheduleLater_StartTripEarly" name="testOnQuickFeedBackPage" time="0.000">
    <skipped/>
  </testcase> <!-- testOnQuickFeedBackPage -->
  <system-out/>
  <testcase classname="French_Lang.Launch_RideNow_ScheduleLater_StartTripEarly" name="testOnStarttriEarlyBtn" time="0.000">
    <skipped/>
  </testcase> <!-- testOnStarttriEarlyBtn -->
  <system-out/>
  <testcase classname="French_Lang.Launch_RideNow_ScheduleLater_StartTripEarly" name="setUp" time="1.895">
    <error message="Connection refused
Build info: version: &#039;3.141.59&#039;, revision: &#039;e82be7d358&#039;, time: &#039;2018-11-14T08:17:03&#039;
System info: host: &#039;BGMacs-iMac.local&#039;, ip: &#039;192.168.1.41&#039;, os.name: &#039;Mac OS X&#039;, os.arch: &#039;x86_64&#039;, os.version: &#039;15.4.1&#039;, java.version: &#039;17.0.12&#039;
Driver info: driver.version: IOSDriver" type="org.openqa.selenium.WebDriverException">
      <![CDATA[org.openqa.selenium.WebDriverException: Connection refused
Build info: version: '3.141.59', revision: 'e82be7d358', time: '2018-11-14T08:17:03'
System info: host: 'BGMacs-iMac.local', ip: '192.168.1.41', os.name: 'Mac OS X', os.arch: 'x86_64', os.version: '15.4.1', java.version: '17.0.12'
Driver info: driver.version: IOSDriver
at io.appium.java_client.remote.AppiumCommandExecutor.lambda$5(AppiumCommandExecutor.java:251)
at java.base/java.util.Optional.orElseGet(Optional.java:364)
at io.appium.java_client.remote.AppiumCommandExecutor.execute(AppiumCommandExecutor.java:250)
at org.openqa.selenium.remote.RemoteWebDriver.execute(RemoteWebDriver.java:552)
at io.appium.java_client.DefaultGenericMobileDriver.execute(DefaultGenericMobileDriver.java:41)
at io.appium.java_client.AppiumDriver.execute(AppiumDriver.java:1)
at io.appium.java_client.ios.IOSDriver.execute(IOSDriver.java:1)
at org.openqa.selenium.remote.RemoteWebDriver.startSession(RemoteWebDriver.java:213)
at io.appium.java_client.AppiumDriver.startSession(AppiumDriver.java:336)
at org.openqa.selenium.remote.RemoteWebDriver.<init>(RemoteWebDriver.java:131)
at io.appium.java_client.DefaultGenericMobileDriver.<init>(DefaultGenericMobileDriver.java:37)
at io.appium.java_client.AppiumDriver.<init>(AppiumDriver.java:88)
at io.appium.java_client.AppiumDriver.<init>(AppiumDriver.java:98)
at io.appium.java_client.ios.IOSDriver.<init>(IOSDriver.java:90)
at French_Lang.Customer_BaseClass.setUp(Customer_BaseClass.java:38)
at French_Lang.Launch_RideNow_ScheduleLater_StartTripEarly.setUp(Launch_RideNow_ScheduleLater_StartTripEarly.java:11)
at java.base/jdk.internal.reflect.NativeMethodAccessorImpl.invoke0(Native Method)
at java.base/jdk.internal.reflect.NativeMethodAccessorImpl.invoke(NativeMethodAccessorImpl.java:77)
at java.base/jdk.internal.reflect.DelegatingMethodAccessorImpl.invoke(DelegatingMethodAccessorImpl.java:43)
at java.base/java.lang.reflect.Method.invoke(Method.java:568)
at org.testng.internal.MethodInvocationHelper.invokeMethod(MethodInvocationHelper.java:133)
at org.testng.internal.MethodInvocationHelper.invokeMethodConsideringTimeout(MethodInvocationHelper.java:62)
at org.testng.internal.ConfigInvoker.invokeConfigurationMethod(ConfigInvoker.java:385)
at org.testng.internal.ConfigInvoker.invokeConfigurations(ConfigInvoker.java:321)
at org.testng.internal.TestMethodWorker.invokeBeforeClassMethods(TestMethodWorker.java:176)
at org.testng.internal.TestMethodWorker.run(TestMethodWorker.java:122)
at java.base/java.util.ArrayList.forEach(ArrayList.java:1511)
at org.testng.TestRunner.privateRun(TestRunner.java:794)
at org.testng.TestRunner.run(TestRunner.java:596)
at org.testng.SuiteRunner.runTest(SuiteRunner.java:377)
at org.testng.SuiteRunner.runSequentially(SuiteRunner.java:371)
at org.testng.SuiteRunner.privateRun(SuiteRunner.java:332)
at org.testng.SuiteRunner.run(SuiteRunner.java:276)
at org.testng.SuiteRunnerWorker.runSuite(SuiteRunnerWorker.java:53)
at org.testng.SuiteRunnerWorker.run(SuiteRunnerWorker.java:96)
at org.testng.TestNG.runSuitesSequentially(TestNG.java:1212)
at org.testng.TestNG.runSuitesLocally(TestNG.java:1134)
at org.testng.TestNG.runSuites(TestNG.java:1063)
at org.testng.TestNG.run(TestNG.java:1031)
at org.testng.remote.AbstractRemoteTestNG.run(AbstractRemoteTestNG.java:115)
at org.testng.remote.RemoteTestNG.initAndRun(RemoteTestNG.java:293)
at org.testng.remote.RemoteTestNG.main(RemoteTestNG.java:91)
Caused by: java.net.ConnectException: Connection refused
at java.base/sun.nio.ch.Net.pollConnect(Native Method)
at java.base/sun.nio.ch.Net.pollConnectNow(Net.java:672)
at java.base/sun.nio.ch.NioSocketImpl.timedFinishConnect(NioSocketImpl.java:554)
at java.base/sun.nio.ch.NioSocketImpl.connect(NioSocketImpl.java:602)
at java.base/java.net.SocksSocketImpl.connect(SocksSocketImpl.java:327)
at java.base/java.net.Socket.connect(Socket.java:633)
at okhttp3.internal.platform.Platform.connectSocket(Platform.java:129)
at okhttp3.internal.connection.RealConnection.connectSocket(RealConnection.java:245)
at okhttp3.internal.connection.RealConnection.connect(RealConnection.java:165)
at okhttp3.internal.connection.StreamAllocation.findConnection(StreamAllocation.java:257)
at okhttp3.internal.connection.StreamAllocation.findHealthyConnection(StreamAllocation.java:135)
at okhttp3.internal.connection.StreamAllocation.newStream(StreamAllocation.java:114)
at okhttp3.internal.connection.ConnectInterceptor.intercept(ConnectInterceptor.java:42)
at okhttp3.internal.http.RealInterceptorChain.proceed(RealInterceptorChain.java:147)
at okhttp3.internal.http.RealInterceptorChain.proceed(RealInterceptorChain.java:121)
at okhttp3.internal.cache.CacheInterceptor.intercept(CacheInterceptor.java:93)
at okhttp3.internal.http.RealInterceptorChain.proceed(RealInterceptorChain.java:147)
at okhttp3.internal.http.RealInterceptorChain.proceed(RealInterceptorChain.java:121)
at okhttp3.internal.http.BridgeInterceptor.intercept(BridgeInterceptor.java:93)
at okhttp3.internal.http.RealInterceptorChain.proceed(RealInterceptorChain.java:147)
at okhttp3.internal.http.RetryAndFollowUpInterceptor.intercept(RetryAndFollowUpInterceptor.java:126)
at okhttp3.internal.http.RealInterceptorChain.proceed(RealInterceptorChain.java:147)
at okhttp3.internal.http.RealInterceptorChain.proceed(RealInterceptorChain.java:121)
at okhttp3.RealCall.getResponseWithInterceptorChain(RealCall.java:200)
at okhttp3.RealCall.execute(RealCall.java:77)
at org.openqa.selenium.remote.internal.OkHttpClient.execute(OkHttpClient.java:103)
at org.openqa.selenium.remote.ProtocolHandshake.createSession(ProtocolHandshake.java:105)
at java.base/jdk.internal.reflect.NativeMethodAccessorImpl.invoke0(Native Method)
at java.base/jdk.internal.reflect.NativeMethodAccessorImpl.invoke(NativeMethodAccessorImpl.java:77)
at java.base/jdk.internal.reflect.DelegatingMethodAccessorImpl.invoke(DelegatingMethodAccessorImpl.java:43)
at java.base/java.lang.reflect.Method.invoke(Method.java:568)
at io.appium.java_client.remote.AppiumCommandExecutor$1.createSession(AppiumCommandExecutor.java:186)
at io.appium.java_client.remote.AppiumCommandExecutor.createSession(AppiumCommandExecutor.java:217)
at io.appium.java_client.remote.AppiumCommandExecutor.execute(AppiumCommandExecutor.java:239)
... 39 more
]]>
    </error>
  </testcase> <!-- setUp -->
  <system-out/>
  <testcase classname="French_Lang.Launch_RideNow_ScheduleLater_StartTripEarly" name="testOncarselectionPage" time="0.000">
    <skipped/>
  </testcase> <!-- testOncarselectionPage -->
  <system-out/>
  <testcase classname="French_Lang.Launch_RideNow_ScheduleLater_StartTripEarly" name="testOnHomeScreen_RideNow_DM_WhereToPage" time="0.000">
    <skipped/>
  </testcase> <!-- testOnHomeScreen_RideNow_DM_WhereToPage -->
  <system-out/>
  <testcase classname="French_Lang.Launch_RideNow_ScheduleLater_StartTripEarly" name="testOnpickuppopUpBar" time="0.000">
    <skipped/>
  </testcase> <!-- testOnpickuppopUpBar -->
  <system-out/>
  <testcase classname="French_Lang.Launch_RideNow_ScheduleLater_StartTripEarly" name="testOnLetsGoPage" time="0.000">
    <skipped/>
  </testcase> <!-- testOnLetsGoPage -->
  <system-out/>
  <testcase classname="French_Lang.Launch_RideNow_ScheduleLater_StartTripEarly" name="testOnHomeScreenRideNow_ScheduleLaterBtn" time="0.000">
    <skipped/>
  </testcase> <!-- testOnHomeScreenRideNow_ScheduleLaterBtn -->
  <system-out/>
  <testcase classname="French_Lang.Launch_RideNow_ScheduleLater_StartTripEarly" name="testOnOtpPage" time="0.000">
    <skipped/>
  </testcase> <!-- testOnOtpPage -->
  <system-out/>
  <testcase classname="French_Lang.Launch_RideNow_ScheduleLater_StartTripEarly" name="testOnHomeScreenHourly_DM_Pickup_Du_LglParking" time="0.000">
    <skipped/>
  </testcase> <!-- testOnHomeScreenHourly_DM_Pickup_Du_LglParking -->
  <system-out/>
  <testcase classname="French_Lang.Launch_RideNow_ScheduleLater_StartTripEarly" name="testOnChauffeurNotes" time="0.000">
    <skipped/>
  </testcase> <!-- testOnChauffeurNotes -->
  <system-out/>
  <testcase classname="French_Lang.Launch_RideNow_ScheduleLater_StartTripEarly" name="testOnLetsgetStartedexistAccntPage" time="0.000">
    <skipped/>
  </testcase> <!-- testOnLetsgetStartedexistAccntPage -->
  <system-out/>
  <testcase classname="French_Lang.Launch_RideNow_ScheduleLater_StartTripEarly" name="testOnFeedBackPage" time="0.000">
    <skipped/>
  </testcase> <!-- testOnFeedBackPage -->
  <system-out/>
  <testcase classname="French_Lang.Launch_RideNow_ScheduleLater_StartTripEarly" name="testOnpaymentPageforapplePay" time="0.000">
    <skipped/>
  </testcase> <!-- testOnpaymentPageforapplePay -->
  <system-out/>
</testsuite> <!-- French_Lang.Launch_RideNow_ScheduleLater_StartTripEarly -->
