<!DOCTYPE html PUBLIC "-//W3C//DTD XHTML 1.1//EN" "http://www.w3.org/TR/xhtml11/DTD/xhtml11.dtd">
<html xmlns="http://www.w3.org/1999/xhtml"><head><title>TestNG Report</title><style type="text/css">table {margin-bottom:10px;border-collapse:collapse;empty-cells:show}th,td {border:1px solid #009;padding:.25em .5em}th {vertical-align:bottom}td {vertical-align:top}table a {font-weight:bold}.stripe td {background-color: #E6EBF9}.num {text-align:right}.passedodd td {background-color: #3F3}.passedeven td {background-color: #0A0}.skippedodd td {background-color: #DDD}.skippedeven td {background-color: #CCC}.failedodd td,.attn {background-color: #F33}.failedeven td,.stripe .attn {background-color: #D00}.stacktrace {white-space:pre;font-family:monospace}.totop {font-size:85%;text-align:center;border-bottom:2px solid #000}</style></head><body><table><tr><th>Test</th><th># Passed</th><th># Skipped</th><th># Failed</th><th>Time (ms)</th><th>Included Groups</th><th>Excluded Groups</th></tr><tr><th colspan="7">Regression</th></tr><tr><td><a href="#t0">MoniicHourlyRegression</a></td><td class="num">0</td><td class="num attn">10</td><td class="num">0</td><td class="num">24,232</td><td></td><td></td></tr></table><table><thead><tr><th>Class</th><th>Method</th><th>Start</th><th>Time (ms)</th></tr></thead><tbody><tr><th colspan="4">Regression</th></tr></tbody><tbody id="t0"><tr><th colspan="4">MoniicHourlyRegression &#8212; failed (configuration methods)</th></tr><tr class="failedeven"><td rowspan="1">English_Android_Customer.Hourly_RG_TestCases</td><td><a href="#m0">setUp</a></td><td rowspan="1">1752663274252</td><td rowspan="1">0</td></tr><tr><th colspan="4">MoniicHourlyRegression &#8212; skipped</th></tr><tr class="skippedeven"><td rowspan="10">English_Android_Customer.Hourly_RG_TestCases</td><td><a href="#m1">Launch_Hourly_AD_Gpay</a></td><td rowspan="1">1752663298469</td><td rowspan="1">1</td></tr><tr class="skippedeven"><td><a href="#m2">Launch_Hourly_DIA_T1_Cash</a></td><td rowspan="1">1752663298466</td><td rowspan="1">1</td></tr><tr class="skippedeven"><td><a href="#m3">Launch_Hourly_DM_FA_Card</a></td><td rowspan="1">1752663298468</td><td rowspan="1">0</td></tr><tr class="skippedeven"><td><a href="#m4">Launch_Hourly_Others_SorryPage</a></td><td rowspan="1">1752663298477</td><td rowspan="1">1</td></tr><tr class="skippedeven"><td><a href="#m5">Launch_Hourly_ScheduleLater_AITwar_Cash</a></td><td rowspan="1">1752663298476</td><td rowspan="1">1</td></tr><tr class="skippedeven"><td><a href="#m6">Launch_Hourly_ScheduleLater_AbuDhabi_Gpay</a></td><td rowspan="1">1752663298475</td><td rowspan="1">1</td></tr><tr class="skippedeven"><td><a href="#m7">Launch_Hourly_ScheduleLater_DM_DuLGL_Cash</a></td><td rowspan="1">1752663298474</td><td rowspan="1">1</td></tr><tr class="skippedeven"><td><a href="#m8">Launch_Hourly_StartTripEarlyCan_DM_Zab_Gpay</a></td><td rowspan="1">1752663298471</td><td rowspan="1">1</td></tr><tr class="skippedeven"><td><a href="#m9">Launch_Hourly_StartTripEarly_DM_FA_Card</a></td><td rowspan="1">1752663298473</td><td rowspan="1">0</td></tr><tr class="skippedeven"><td><a href="#m10">Launch_Hourly_twarecentre_Cash</a></td><td rowspan="1">1752663298470</td><td rowspan="1">1</td></tr></tbody></table><h2>MoniicHourlyRegression</h2><h3 id="m0">English_Android_Customer.Hourly_RG_TestCases#setUp</h3><table class="result"><tr><th>Exception</th></tr><tr><td><div class="stacktrace">org.openqa.selenium.SessionNotCreatedException: Unable to create a new remote session. Please check the server log for more details. Original error: An unknown server-side error occurred while processing the command. Original error: Could not find a connected Android device in 20000ms
Build info: version: &apos;3.141.59&apos;, revision: &apos;e82be7d358&apos;, time: &apos;2018-11-14T08:17:03&apos;
System info: host: &apos;BGMacs-iMac.local&apos;, ip: &apos;127.0.0.1&apos;, os.name: &apos;Mac OS X&apos;, os.arch: &apos;x86_64&apos;, os.version: &apos;15.4.1&apos;, java.version: &apos;17.0.12&apos;
Driver info: driver.version: AppiumDriver
remote stacktrace: UnknownError: An unknown server-side error occurred while processing the command. Original error: Could not find a connected Android device in 20000ms
    at getResponseForW3CError (/usr/local/lib/node_modules/appium/node_modules/@appium/base-driver/lib/protocol/errors.js:1145:9)
    at asyncHandler (/usr/local/lib/node_modules/appium/node_modules/@appium/base-driver/lib/protocol/protocol.js:485:57)
Build info: version: &apos;3.141.59&apos;, revision: &apos;e82be7d358&apos;, time: &apos;2018-11-14T08:17:03&apos;
System info: host: &apos;BGMacs-iMac.local&apos;, ip: &apos;127.0.0.1&apos;, os.name: &apos;Mac OS X&apos;, os.arch: &apos;x86_64&apos;, os.version: &apos;15.4.1&apos;, java.version: &apos;17.0.12&apos;
Driver info: driver.version: AppiumDriver
	at io.appium.java_client.remote.AppiumCommandExecutor$1.createSession(AppiumCommandExecutor.java:208)
	at io.appium.java_client.remote.AppiumCommandExecutor.createSession(AppiumCommandExecutor.java:217)
	at io.appium.java_client.remote.AppiumCommandExecutor.execute(AppiumCommandExecutor.java:239)
	at org.openqa.selenium.remote.RemoteWebDriver.execute(RemoteWebDriver.java:552)
	at io.appium.java_client.DefaultGenericMobileDriver.execute(DefaultGenericMobileDriver.java:41)
	at io.appium.java_client.AppiumDriver.execute(AppiumDriver.java:1)
	at org.openqa.selenium.remote.RemoteWebDriver.startSession(RemoteWebDriver.java:213)
	at io.appium.java_client.AppiumDriver.startSession(AppiumDriver.java:336)
	at org.openqa.selenium.remote.RemoteWebDriver.&lt;init&gt;(RemoteWebDriver.java:131)
	at io.appium.java_client.DefaultGenericMobileDriver.&lt;init&gt;(DefaultGenericMobileDriver.java:37)
	at io.appium.java_client.AppiumDriver.&lt;init&gt;(AppiumDriver.java:88)
	at io.appium.java_client.AppiumDriver.&lt;init&gt;(AppiumDriver.java:98)
	at English_Android_Customer.CustomerApp_English_BaseClass.setUp(CustomerApp_English_BaseClass.java:48)
	at English_Android_Customer.Hourly_RG_TestCases.setUp(Hourly_RG_TestCases.java:11)
	at java.base/jdk.internal.reflect.NativeMethodAccessorImpl.invoke0(Native Method)
	at java.base/jdk.internal.reflect.NativeMethodAccessorImpl.invoke(NativeMethodAccessorImpl.java:77)
	at java.base/jdk.internal.reflect.DelegatingMethodAccessorImpl.invoke(DelegatingMethodAccessorImpl.java:43)
	at java.base/java.lang.reflect.Method.invoke(Method.java:568)
	at org.testng.internal.MethodInvocationHelper.invokeMethod(MethodInvocationHelper.java:86)
	at org.testng.internal.Invoker.invokeConfigurationMethod(Invoker.java:514)
	at org.testng.internal.Invoker.invokeConfigurations(Invoker.java:215)
	at org.testng.internal.Invoker.invokeConfigurations(Invoker.java:142)
	at org.testng.internal.TestMethodWorker.invokeBeforeClassMethods(TestMethodWorker.java:178)
	at org.testng.internal.TestMethodWorker.run(TestMethodWorker.java:108)
	at org.testng.TestRunner.privateRun(TestRunner.java:782)
	at org.testng.TestRunner.run(TestRunner.java:632)
	at org.testng.SuiteRunner.runTest(SuiteRunner.java:366)
	at org.testng.SuiteRunner.runSequentially(SuiteRunner.java:361)
	at org.testng.SuiteRunner.privateRun(SuiteRunner.java:319)
	at org.testng.SuiteRunner.run(SuiteRunner.java:268)
	at org.testng.SuiteRunnerWorker.runSuite(SuiteRunnerWorker.java:52)
	at org.testng.SuiteRunnerWorker.run(SuiteRunnerWorker.java:86)
	at org.testng.TestNG.runSuitesSequentially(TestNG.java:1244)
	at org.testng.TestNG.runSuitesLocally(TestNG.java:1169)
	at org.testng.TestNG.run(TestNG.java:1064)
	at org.testng.remote.AbstractRemoteTestNG.run(AbstractRemoteTestNG.java:115)
	at org.testng.remote.RemoteTestNG.initAndRun(RemoteTestNG.java:293)
	at org.testng.remote.RemoteTestNG.main(RemoteTestNG.java:91)
Caused by: java.lang.reflect.InvocationTargetException
	at java.base/jdk.internal.reflect.NativeMethodAccessorImpl.invoke0(Native Method)
	at java.base/jdk.internal.reflect.NativeMethodAccessorImpl.invoke(NativeMethodAccessorImpl.java:77)
	at java.base/jdk.internal.reflect.DelegatingMethodAccessorImpl.invoke(DelegatingMethodAccessorImpl.java:43)
	at java.base/java.lang.reflect.Method.invoke(Method.java:568)
	at io.appium.java_client.remote.AppiumCommandExecutor$1.createSession(AppiumCommandExecutor.java:186)
	... 37 more
Caused by: org.openqa.selenium.WebDriverException: An unknown server-side error occurred while processing the command. Original error: Could not find a connected Android device in 20000ms
Build info: version: &apos;3.141.59&apos;, revision: &apos;e82be7d358&apos;, time: &apos;2018-11-14T08:17:03&apos;
System info: host: &apos;BGMacs-iMac.local&apos;, ip: &apos;127.0.0.1&apos;, os.name: &apos;Mac OS X&apos;, os.arch: &apos;x86_64&apos;, os.version: &apos;15.4.1&apos;, java.version: &apos;17.0.12&apos;
Driver info: driver.version: AppiumDriver
remote stacktrace: UnknownError: An unknown server-side error occurred while processing the command. Original error: Could not find a connected Android device in 20000ms
    at getResponseForW3CError (/usr/local/lib/node_modules/appium/node_modules/@appium/base-driver/lib/protocol/errors.js:1145:9)
    at asyncHandler (/usr/local/lib/node_modules/appium/node_modules/@appium/base-driver/lib/protocol/protocol.js:485:57)
	at java.base/jdk.internal.reflect.NativeConstructorAccessorImpl.newInstance0(Native Method)
	at java.base/jdk.internal.reflect.NativeConstructorAccessorImpl.newInstance(NativeConstructorAccessorImpl.java:77)
	at java.base/jdk.internal.reflect.DelegatingConstructorAccessorImpl.newInstance(DelegatingConstructorAccessorImpl.java:45)
	at java.base/java.lang.reflect.Constructor.newInstanceWithCaller(Constructor.java:499)
	at java.base/java.lang.reflect.Constructor.newInstance(Constructor.java:480)
	at org.openqa.selenium.remote.W3CHandshakeResponse.lambda$errorHandler$0(W3CHandshakeResponse.java:62)
	at org.openqa.selenium.remote.HandshakeResponse.lambda$getResponseFunction$0(HandshakeResponse.java:30)
	at org.openqa.selenium.remote.ProtocolHandshake.lambda$createSession$0(ProtocolHandshake.java:126)
	at java.base/java.util.stream.ReferencePipeline$3$1.accept(ReferencePipeline.java:197)
	at java.base/java.util.Spliterators$ArraySpliterator.tryAdvance(Spliterators.java:1002)
	at java.base/java.util.stream.ReferencePipeline.forEachWithCancel(ReferencePipeline.java:129)
	at java.base/java.util.stream.AbstractPipeline.copyIntoWithCancel(AbstractPipeline.java:527)
	at java.base/java.util.stream.AbstractPipeline.copyInto(AbstractPipeline.java:513)
	at java.base/java.util.stream.AbstractPipeline.wrapAndCopyInto(AbstractPipeline.java:499)
	at java.base/java.util.stream.FindOps$FindOp.evaluateSequential(FindOps.java:150)
	at java.base/java.util.stream.AbstractPipeline.evaluate(AbstractPipeline.java:234)
	at java.base/java.util.stream.ReferencePipeline.findFirst(ReferencePipeline.java:647)
	at org.openqa.selenium.remote.ProtocolHandshake.createSession(ProtocolHandshake.java:128)
	... 42 more
</div></td></tr></table><p class="totop"><a href="#summary">back to summary</a></p><h3 id="m1">English_Android_Customer.Hourly_RG_TestCases#Launch_Hourly_AD_Gpay</h3><table class="result"></table><p class="totop"><a href="#summary">back to summary</a></p><h3 id="m2">English_Android_Customer.Hourly_RG_TestCases#Launch_Hourly_DIA_T1_Cash</h3><table class="result"></table><p class="totop"><a href="#summary">back to summary</a></p><h3 id="m3">English_Android_Customer.Hourly_RG_TestCases#Launch_Hourly_DM_FA_Card</h3><table class="result"></table><p class="totop"><a href="#summary">back to summary</a></p><h3 id="m4">English_Android_Customer.Hourly_RG_TestCases#Launch_Hourly_Others_SorryPage</h3><table class="result"></table><p class="totop"><a href="#summary">back to summary</a></p><h3 id="m5">English_Android_Customer.Hourly_RG_TestCases#Launch_Hourly_ScheduleLater_AITwar_Cash</h3><table class="result"></table><p class="totop"><a href="#summary">back to summary</a></p><h3 id="m6">English_Android_Customer.Hourly_RG_TestCases#Launch_Hourly_ScheduleLater_AbuDhabi_Gpay</h3><table class="result"></table><p class="totop"><a href="#summary">back to summary</a></p><h3 id="m7">English_Android_Customer.Hourly_RG_TestCases#Launch_Hourly_ScheduleLater_DM_DuLGL_Cash</h3><table class="result"></table><p class="totop"><a href="#summary">back to summary</a></p><h3 id="m8">English_Android_Customer.Hourly_RG_TestCases#Launch_Hourly_StartTripEarlyCan_DM_Zab_Gpay</h3><table class="result"></table><p class="totop"><a href="#summary">back to summary</a></p><h3 id="m9">English_Android_Customer.Hourly_RG_TestCases#Launch_Hourly_StartTripEarly_DM_FA_Card</h3><table class="result"></table><p class="totop"><a href="#summary">back to summary</a></p><h3 id="m10">English_Android_Customer.Hourly_RG_TestCases#Launch_Hourly_twarecentre_Cash</h3><table class="result"></table><p class="totop"><a href="#summary">back to summary</a></p></body></html>