<?xml version="1.0" encoding="UTF-8"?>
<testng-results total="10" passed="0" failed="0" skipped="10">
  <reporter-output>
  </reporter-output>
  <suite started-at="2025-07-16T10:54:34Z" name="Regression" finished-at="2025-07-16T10:54:58Z" duration-ms="24232">
    <groups>
    </groups>
    <test started-at="2025-07-16T10:54:34Z" name="MoniicHourlyRegression" finished-at="2025-07-16T10:54:58Z" duration-ms="24232">
      <class name="English_Android_Customer.Hourly_RG_TestCases">
        <test-method is-config="true" signature="setUp()[pri:0, instance:English_Android_Customer.Hourly_RG_TestCases@436a4e4b]" started-at="2025-07-16T16:24:34Z" name="setUp" finished-at="2025-07-16T16:24:34Z" duration-ms="0" status="FAIL">
          <exception class="org.openqa.selenium.SessionNotCreatedException">
            <message>
              <![CDATA[Unable to create a new remote session. Please check the server log for more details. Original error: An unknown server-side error occurred while processing the command. Original error: Could not find a connected Android device in 20000ms
Build info: version: '3.141.59', revision: 'e82be7d358', time: '2018-11-14T08:17:03'
System info: host: 'BGMacs-iMac.local', ip: '127.0.0.1', os.name: 'Mac OS X', os.arch: 'x86_64', os.version: '15.4.1', java.version: '17.0.12'
Driver info: driver.version: AppiumDriver
remote stacktrace: UnknownError: An unknown server-side error occurred while processing the command. Original error: Could not find a connected Android device in 20000ms
    at getResponseForW3CError (/usr/local/lib/node_modules/appium/node_modules/@appium/base-driver/lib/protocol/errors.js:1145:9)
    at asyncHandler (/usr/local/lib/node_modules/appium/node_modules/@appium/base-driver/lib/protocol/protocol.js:485:57)
Build info: version: '3.141.59', revision: 'e82be7d358', time: '2018-11-14T08:17:03'
System info: host: 'BGMacs-iMac.local', ip: '127.0.0.1', os.name: 'Mac OS X', os.arch: 'x86_64', os.version: '15.4.1', java.version: '17.0.12'
Driver info: driver.version: AppiumDriver]]>
            </message>
            <full-stacktrace>
              <![CDATA[org.openqa.selenium.SessionNotCreatedException: Unable to create a new remote session. Please check the server log for more details. Original error: An unknown server-side error occurred while processing the command. Original error: Could not find a connected Android device in 20000ms
Build info: version: '3.141.59', revision: 'e82be7d358', time: '2018-11-14T08:17:03'
System info: host: 'BGMacs-iMac.local', ip: '127.0.0.1', os.name: 'Mac OS X', os.arch: 'x86_64', os.version: '15.4.1', java.version: '17.0.12'
Driver info: driver.version: AppiumDriver
remote stacktrace: UnknownError: An unknown server-side error occurred while processing the command. Original error: Could not find a connected Android device in 20000ms
    at getResponseForW3CError (/usr/local/lib/node_modules/appium/node_modules/@appium/base-driver/lib/protocol/errors.js:1145:9)
    at asyncHandler (/usr/local/lib/node_modules/appium/node_modules/@appium/base-driver/lib/protocol/protocol.js:485:57)
Build info: version: '3.141.59', revision: 'e82be7d358', time: '2018-11-14T08:17:03'
System info: host: 'BGMacs-iMac.local', ip: '127.0.0.1', os.name: 'Mac OS X', os.arch: 'x86_64', os.version: '15.4.1', java.version: '17.0.12'
Driver info: driver.version: AppiumDriver
	at io.appium.java_client.remote.AppiumCommandExecutor$1.createSession(AppiumCommandExecutor.java:208)
	at io.appium.java_client.remote.AppiumCommandExecutor.createSession(AppiumCommandExecutor.java:217)
	at io.appium.java_client.remote.AppiumCommandExecutor.execute(AppiumCommandExecutor.java:239)
	at org.openqa.selenium.remote.RemoteWebDriver.execute(RemoteWebDriver.java:552)
	at io.appium.java_client.DefaultGenericMobileDriver.execute(DefaultGenericMobileDriver.java:41)
	at io.appium.java_client.AppiumDriver.execute(AppiumDriver.java:1)
	at org.openqa.selenium.remote.RemoteWebDriver.startSession(RemoteWebDriver.java:213)
	at io.appium.java_client.AppiumDriver.startSession(AppiumDriver.java:336)
	at org.openqa.selenium.remote.RemoteWebDriver.<init>(RemoteWebDriver.java:131)
	at io.appium.java_client.DefaultGenericMobileDriver.<init>(DefaultGenericMobileDriver.java:37)
	at io.appium.java_client.AppiumDriver.<init>(AppiumDriver.java:88)
	at io.appium.java_client.AppiumDriver.<init>(AppiumDriver.java:98)
	at English_Android_Customer.CustomerApp_English_BaseClass.setUp(CustomerApp_English_BaseClass.java:48)
	at English_Android_Customer.Hourly_RG_TestCases.setUp(Hourly_RG_TestCases.java:11)
	at java.base/jdk.internal.reflect.NativeMethodAccessorImpl.invoke0(Native Method)
	at java.base/jdk.internal.reflect.NativeMethodAccessorImpl.invoke(NativeMethodAccessorImpl.java:77)
	at java.base/jdk.internal.reflect.DelegatingMethodAccessorImpl.invoke(DelegatingMethodAccessorImpl.java:43)
	at java.base/java.lang.reflect.Method.invoke(Method.java:568)
	at org.testng.internal.MethodInvocationHelper.invokeMethod(MethodInvocationHelper.java:86)
	at org.testng.internal.Invoker.invokeConfigurationMethod(Invoker.java:514)
	at org.testng.internal.Invoker.invokeConfigurations(Invoker.java:215)
	at org.testng.internal.Invoker.invokeConfigurations(Invoker.java:142)
	at org.testng.internal.TestMethodWorker.invokeBeforeClassMethods(TestMethodWorker.java:178)
	at org.testng.internal.TestMethodWorker.run(TestMethodWorker.java:108)
	at org.testng.TestRunner.privateRun(TestRunner.java:782)
	at org.testng.TestRunner.run(TestRunner.java:632)
	at org.testng.SuiteRunner.runTest(SuiteRunner.java:366)
	at org.testng.SuiteRunner.runSequentially(SuiteRunner.java:361)
	at org.testng.SuiteRunner.privateRun(SuiteRunner.java:319)
	at org.testng.SuiteRunner.run(SuiteRunner.java:268)
	at org.testng.SuiteRunnerWorker.runSuite(SuiteRunnerWorker.java:52)
	at org.testng.SuiteRunnerWorker.run(SuiteRunnerWorker.java:86)
	at org.testng.TestNG.runSuitesSequentially(TestNG.java:1244)
	at org.testng.TestNG.runSuitesLocally(TestNG.java:1169)
	at org.testng.TestNG.run(TestNG.java:1064)
	at org.testng.remote.AbstractRemoteTestNG.run(AbstractRemoteTestNG.java:115)
	at org.testng.remote.RemoteTestNG.initAndRun(RemoteTestNG.java:293)
	at org.testng.remote.RemoteTestNG.main(RemoteTestNG.java:91)
Caused by: java.lang.reflect.InvocationTargetException
	at java.base/jdk.internal.reflect.NativeMethodAccessorImpl.invoke0(Native Method)
	at java.base/jdk.internal.reflect.NativeMethodAccessorImpl.invoke(NativeMethodAccessorImpl.java:77)
	at java.base/jdk.internal.reflect.DelegatingMethodAccessorImpl.invoke(DelegatingMethodAccessorImpl.java:43)
	at java.base/java.lang.reflect.Method.invoke(Method.java:568)
	at io.appium.java_client.remote.AppiumCommandExecutor$1.createSession(AppiumCommandExecutor.java:186)
	... 37 more
Caused by: org.openqa.selenium.WebDriverException: An unknown server-side error occurred while processing the command. Original error: Could not find a connected Android device in 20000ms
Build info: version: '3.141.59', revision: 'e82be7d358', time: '2018-11-14T08:17:03'
System info: host: 'BGMacs-iMac.local', ip: '127.0.0.1', os.name: 'Mac OS X', os.arch: 'x86_64', os.version: '15.4.1', java.version: '17.0.12'
Driver info: driver.version: AppiumDriver
remote stacktrace: UnknownError: An unknown server-side error occurred while processing the command. Original error: Could not find a connected Android device in 20000ms
    at getResponseForW3CError (/usr/local/lib/node_modules/appium/node_modules/@appium/base-driver/lib/protocol/errors.js:1145:9)
    at asyncHandler (/usr/local/lib/node_modules/appium/node_modules/@appium/base-driver/lib/protocol/protocol.js:485:57)
	at java.base/jdk.internal.reflect.NativeConstructorAccessorImpl.newInstance0(Native Method)
	at java.base/jdk.internal.reflect.NativeConstructorAccessorImpl.newInstance(NativeConstructorAccessorImpl.java:77)
	at java.base/jdk.internal.reflect.DelegatingConstructorAccessorImpl.newInstance(DelegatingConstructorAccessorImpl.java:45)
	at java.base/java.lang.reflect.Constructor.newInstanceWithCaller(Constructor.java:499)
	at java.base/java.lang.reflect.Constructor.newInstance(Constructor.java:480)
	at org.openqa.selenium.remote.W3CHandshakeResponse.lambda$errorHandler$0(W3CHandshakeResponse.java:62)
	at org.openqa.selenium.remote.HandshakeResponse.lambda$getResponseFunction$0(HandshakeResponse.java:30)
	at org.openqa.selenium.remote.ProtocolHandshake.lambda$createSession$0(ProtocolHandshake.java:126)
	at java.base/java.util.stream.ReferencePipeline$3$1.accept(ReferencePipeline.java:197)
	at java.base/java.util.Spliterators$ArraySpliterator.tryAdvance(Spliterators.java:1002)
	at java.base/java.util.stream.ReferencePipeline.forEachWithCancel(ReferencePipeline.java:129)
	at java.base/java.util.stream.AbstractPipeline.copyIntoWithCancel(AbstractPipeline.java:527)
	at java.base/java.util.stream.AbstractPipeline.copyInto(AbstractPipeline.java:513)
	at java.base/java.util.stream.AbstractPipeline.wrapAndCopyInto(AbstractPipeline.java:499)
	at java.base/java.util.stream.FindOps$FindOp.evaluateSequential(FindOps.java:150)
	at java.base/java.util.stream.AbstractPipeline.evaluate(AbstractPipeline.java:234)
	at java.base/java.util.stream.ReferencePipeline.findFirst(ReferencePipeline.java:647)
	at org.openqa.selenium.remote.ProtocolHandshake.createSession(ProtocolHandshake.java:128)
	... 42 more
]]>
            </full-stacktrace>
          </exception> <!-- org.openqa.selenium.SessionNotCreatedException -->
          <reporter-output>
          </reporter-output>
        </test-method> <!-- setUp -->
        <test-method signature="Launch_Hourly_DIA_T1_Cash()[pri:1, instance:English_Android_Customer.Hourly_RG_TestCases@436a4e4b]" started-at="2025-07-16T16:24:58Z" name="Launch_Hourly_DIA_T1_Cash" finished-at="2025-07-16T16:24:58Z" duration-ms="1" status="SKIP">
          <reporter-output>
          </reporter-output>
        </test-method> <!-- Launch_Hourly_DIA_T1_Cash -->
        <test-method signature="Launch_Hourly_DM_FA_Card()[pri:2, instance:English_Android_Customer.Hourly_RG_TestCases@436a4e4b]" started-at="2025-07-16T16:24:58Z" name="Launch_Hourly_DM_FA_Card" finished-at="2025-07-16T16:24:58Z" duration-ms="0" status="SKIP">
          <reporter-output>
          </reporter-output>
        </test-method> <!-- Launch_Hourly_DM_FA_Card -->
        <test-method signature="Launch_Hourly_AD_Gpay()[pri:3, instance:English_Android_Customer.Hourly_RG_TestCases@436a4e4b]" started-at="2025-07-16T16:24:58Z" name="Launch_Hourly_AD_Gpay" finished-at="2025-07-16T16:24:58Z" duration-ms="1" status="SKIP">
          <reporter-output>
          </reporter-output>
        </test-method> <!-- Launch_Hourly_AD_Gpay -->
        <test-method signature="Launch_Hourly_twarecentre_Cash()[pri:4, instance:English_Android_Customer.Hourly_RG_TestCases@436a4e4b]" started-at="2025-07-16T16:24:58Z" name="Launch_Hourly_twarecentre_Cash" finished-at="2025-07-16T16:24:58Z" duration-ms="1" status="SKIP">
          <reporter-output>
          </reporter-output>
        </test-method> <!-- Launch_Hourly_twarecentre_Cash -->
        <test-method signature="Launch_Hourly_StartTripEarlyCan_DM_Zab_Gpay()[pri:5, instance:English_Android_Customer.Hourly_RG_TestCases@436a4e4b]" started-at="2025-07-16T16:24:58Z" name="Launch_Hourly_StartTripEarlyCan_DM_Zab_Gpay" finished-at="2025-07-16T16:24:58Z" duration-ms="1" status="SKIP">
          <reporter-output>
          </reporter-output>
        </test-method> <!-- Launch_Hourly_StartTripEarlyCan_DM_Zab_Gpay -->
        <test-method signature="Launch_Hourly_StartTripEarly_DM_FA_Card()[pri:6, instance:English_Android_Customer.Hourly_RG_TestCases@436a4e4b]" started-at="2025-07-16T16:24:58Z" name="Launch_Hourly_StartTripEarly_DM_FA_Card" finished-at="2025-07-16T16:24:58Z" duration-ms="0" status="SKIP">
          <reporter-output>
          </reporter-output>
        </test-method> <!-- Launch_Hourly_StartTripEarly_DM_FA_Card -->
        <test-method signature="Launch_Hourly_ScheduleLater_DM_DuLGL_Cash()[pri:7, instance:English_Android_Customer.Hourly_RG_TestCases@436a4e4b]" started-at="2025-07-16T16:24:58Z" name="Launch_Hourly_ScheduleLater_DM_DuLGL_Cash" finished-at="2025-07-16T16:24:58Z" duration-ms="1" status="SKIP">
          <reporter-output>
          </reporter-output>
        </test-method> <!-- Launch_Hourly_ScheduleLater_DM_DuLGL_Cash -->
        <test-method signature="Launch_Hourly_ScheduleLater_AbuDhabi_Gpay()[pri:8, instance:English_Android_Customer.Hourly_RG_TestCases@436a4e4b]" started-at="2025-07-16T16:24:58Z" name="Launch_Hourly_ScheduleLater_AbuDhabi_Gpay" finished-at="2025-07-16T16:24:58Z" duration-ms="1" status="SKIP">
          <reporter-output>
          </reporter-output>
        </test-method> <!-- Launch_Hourly_ScheduleLater_AbuDhabi_Gpay -->
        <test-method signature="Launch_Hourly_ScheduleLater_AITwar_Cash()[pri:9, instance:English_Android_Customer.Hourly_RG_TestCases@436a4e4b]" started-at="2025-07-16T16:24:58Z" name="Launch_Hourly_ScheduleLater_AITwar_Cash" finished-at="2025-07-16T16:24:58Z" duration-ms="1" status="SKIP">
          <reporter-output>
          </reporter-output>
        </test-method> <!-- Launch_Hourly_ScheduleLater_AITwar_Cash -->
        <test-method signature="Launch_Hourly_Others_SorryPage()[pri:10, instance:English_Android_Customer.Hourly_RG_TestCases@436a4e4b]" started-at="2025-07-16T16:24:58Z" name="Launch_Hourly_Others_SorryPage" finished-at="2025-07-16T16:24:58Z" duration-ms="1" status="SKIP">
          <reporter-output>
          </reporter-output>
        </test-method> <!-- Launch_Hourly_Others_SorryPage -->
      </class> <!-- English_Android_Customer.Hourly_RG_TestCases -->
    </test> <!-- MoniicHourlyRegression -->
  </suite> <!-- Regression -->
</testng-results>
