<?xml version="1.0" encoding="UTF-8"?>
<!-- Generated by org.testng.reporters.JUnitReportReporter -->
<testsuite hostname="BGMacs-iMac.local" failures="0" tests="11" name="English_Android_Customer.Launch_schedulelater_rideNow_DM_Cinema_Gpay" time="126.906" errors="3" timestamp="8 Jul 2025 11:26:25 GMT">
  <testcase classname="English_Android_Customer.Launch_schedulelater_rideNow_DM_Cinema_Gpay" name="testOnOTPlogin_Simu" time="11.481"/>
  <testcase classname="English_Android_Customer.Launch_schedulelater_rideNow_DM_Cinema_Gpay" name="testOnLetsgetstartedPage" time="36.033"/>
  <testcase classname="English_Android_Customer.Launch_schedulelater_rideNow_DM_Cinema_Gpay" name="testOnyourRidePageGpay" time="0.000">
    <error message="Method Launch_schedulelater_rideNow_DM_Cinema_Gpay.testOnyourRidePageGpay()[pri:0, instance:English_Android_Customer.Launch_schedulelater_rideNow_DM_Cinema_Gpay@5afa3c9] depends on not successfully finished methods" type="java.lang.Throwable">
      <![CDATA[java.lang.Throwable: Method Launch_schedulelater_rideNow_DM_Cinema_Gpay.testOnyourRidePageGpay()[pri:0, instance:English_Android_Customer.Launch_schedulelater_rideNow_DM_Cinema_Gpay@5afa3c9] depends on not successfully finished methods
	at org.testng.internal.Invoker.invokeTestMethods(Invoker.java:1037)
	at org.testng.internal.TestMethodWorker.invokeTestMethods(TestMethodWorker.java:129)
	at org.testng.internal.TestMethodWorker.run(TestMethodWorker.java:112)
	at org.testng.TestRunner.privateRun(TestRunner.java:782)
	at org.testng.TestRunner.run(TestRunner.java:632)
	at org.testng.SuiteRunner.runTest(SuiteRunner.java:366)
	at org.testng.SuiteRunner.runSequentially(SuiteRunner.java:361)
	at org.testng.SuiteRunner.privateRun(SuiteRunner.java:319)
	at org.testng.SuiteRunner.run(SuiteRunner.java:268)
	at org.testng.SuiteRunnerWorker.runSuite(SuiteRunnerWorker.java:52)
	at org.testng.SuiteRunnerWorker.run(SuiteRunnerWorker.java:86)
	at org.testng.TestNG.runSuitesSequentially(TestNG.java:1244)
	at org.testng.TestNG.runSuitesLocally(TestNG.java:1169)
	at org.testng.TestNG.run(TestNG.java:1064)
	at org.testng.remote.AbstractRemoteTestNG.run(AbstractRemoteTestNG.java:115)
	at org.testng.remote.RemoteTestNG.initAndRun(RemoteTestNG.java:293)
	at org.testng.remote.RemoteTestNG.main(RemoteTestNG.java:91)
]]>
    </error>
  </testcase> <!-- testOnyourRidePageGpay -->
  <testcase classname="English_Android_Customer.Launch_schedulelater_rideNow_DM_Cinema_Gpay" name="testOnWheretoPage_DubaiMall" time="33.084"/>
  <testcase classname="English_Android_Customer.Launch_schedulelater_rideNow_DM_Cinema_Gpay" name="testOnIntroPage" time="4.109"/>
  <testcase classname="English_Android_Customer.Launch_schedulelater_rideNow_DM_Cinema_Gpay" name="testOnMapAllow" time="6.650"/>
  <testcase classname="English_Android_Customer.Launch_schedulelater_rideNow_DM_Cinema_Gpay" name="testOnscheduleLater" time="3.262"/>
  <testcase classname="English_Android_Customer.Launch_schedulelater_rideNow_DM_Cinema_Gpay" name="testOnchooseyourcarPage" time="0.000">
    <error message="Method Launch_schedulelater_rideNow_DM_Cinema_Gpay.testOnchooseyourcarPage()[pri:0, instance:English_Android_Customer.Launch_schedulelater_rideNow_DM_Cinema_Gpay@5afa3c9] depends on not successfully finished methods" type="java.lang.Throwable">
      <![CDATA[java.lang.Throwable: Method Launch_schedulelater_rideNow_DM_Cinema_Gpay.testOnchooseyourcarPage()[pri:0, instance:English_Android_Customer.Launch_schedulelater_rideNow_DM_Cinema_Gpay@5afa3c9] depends on not successfully finished methods
	at org.testng.internal.Invoker.invokeTestMethods(Invoker.java:1037)
	at org.testng.internal.TestMethodWorker.invokeTestMethods(TestMethodWorker.java:129)
	at org.testng.internal.TestMethodWorker.run(TestMethodWorker.java:112)
	at org.testng.TestRunner.privateRun(TestRunner.java:782)
	at org.testng.TestRunner.run(TestRunner.java:632)
	at org.testng.SuiteRunner.runTest(SuiteRunner.java:366)
	at org.testng.SuiteRunner.runSequentially(SuiteRunner.java:361)
	at org.testng.SuiteRunner.privateRun(SuiteRunner.java:319)
	at org.testng.SuiteRunner.run(SuiteRunner.java:268)
	at org.testng.SuiteRunnerWorker.runSuite(SuiteRunnerWorker.java:52)
	at org.testng.SuiteRunnerWorker.run(SuiteRunnerWorker.java:86)
	at org.testng.TestNG.runSuitesSequentially(TestNG.java:1244)
	at org.testng.TestNG.runSuitesLocally(TestNG.java:1169)
	at org.testng.TestNG.run(TestNG.java:1064)
	at org.testng.remote.AbstractRemoteTestNG.run(AbstractRemoteTestNG.java:115)
	at org.testng.remote.RemoteTestNG.initAndRun(RemoteTestNG.java:293)
	at org.testng.remote.RemoteTestNG.main(RemoteTestNG.java:91)
]]>
    </error>
  </testcase> <!-- testOnchooseyourcarPage -->
  <testcase classname="English_Android_Customer.Launch_schedulelater_rideNow_DM_Cinema_Gpay" name="testOnNotificAllow" time="10.123"/>
  <testcase classname="English_Android_Customer.Launch_schedulelater_rideNow_DM_Cinema_Gpay" name="testOnDubaiMall_Cin_P3" time="15.256">
    <error message="An element could not be located on the page using the given search parameters.
For documentation on this error, please visit: https://www.seleniumhq.org/exceptions/no_such_element.html
Build info: version: &#039;3.141.59&#039;, revision: &#039;e82be7d358&#039;, time: &#039;2018-11-14T08:17:03&#039;
System info: host: &#039;BGMacs-iMac.local&#039;, ip: &#039;192.168.1.5&#039;, os.name: &#039;Mac OS X&#039;, os.arch: &#039;x86_64&#039;, os.version: &#039;15.4.1&#039;, java.version: &#039;17.0.12&#039;
Driver info: io.appium.java_client.AppiumDriver
Capabilities {appActivity: com.moniic.customer.MainAct..., appPackage: com.moniic.customer.pp, automationName: UiAutomator2, databaseEnabled: false, desired: {appActivity: com.moniic.customer.MainAct..., appPackage: com.moniic.customer.pp, automationName: UiAutomator2, deviceName: emulator-5554, platformName: android, platformVersion: 15}, deviceApiLevel: 35, deviceManufacturer: Google, deviceModel: sdk_gphone64_x86_64, deviceName: emulator-5554, deviceScreenDensity: 480, deviceScreenSize: 1080x2340, deviceUDID: emulator-5554, javascriptEnabled: true, locationContextEnabled: false, networkConnectionEnabled: true, pixelRatio: 3, platform: LINUX, platformName: Android, platformVersion: 15, statBarHeight: 72, takesScreenshot: true, viewportRect: {height: 2268, left: 0, top: 72, width: 1080}, warnings: {}, webStorageEnabled: false}
Session ID: 9a008219-0269-42f9-83bc-51e1f2291e11
*** Element info: {Using=xpath, value=(//android.widget.TextView[@index=&#039;0&#039;])[3]}" type="org.openqa.selenium.NoSuchElementException">
      <![CDATA[org.openqa.selenium.NoSuchElementException: An element could not be located on the page using the given search parameters.
For documentation on this error, please visit: https://www.seleniumhq.org/exceptions/no_such_element.html
Build info: version: '3.141.59', revision: 'e82be7d358', time: '2018-11-14T08:17:03'
System info: host: 'BGMacs-iMac.local', ip: '192.168.1.5', os.name: 'Mac OS X', os.arch: 'x86_64', os.version: '15.4.1', java.version: '17.0.12'
Driver info: io.appium.java_client.AppiumDriver
Capabilities {appActivity: com.moniic.customer.MainAct..., appPackage: com.moniic.customer.pp, automationName: UiAutomator2, databaseEnabled: false, desired: {appActivity: com.moniic.customer.MainAct..., appPackage: com.moniic.customer.pp, automationName: UiAutomator2, deviceName: emulator-5554, platformName: android, platformVersion: 15}, deviceApiLevel: 35, deviceManufacturer: Google, deviceModel: sdk_gphone64_x86_64, deviceName: emulator-5554, deviceScreenDensity: 480, deviceScreenSize: 1080x2340, deviceUDID: emulator-5554, javascriptEnabled: true, locationContextEnabled: false, networkConnectionEnabled: true, pixelRatio: 3, platform: LINUX, platformName: Android, platformVersion: 15, statBarHeight: 72, takesScreenshot: true, viewportRect: {height: 2268, left: 0, top: 72, width: 1080}, warnings: {}, webStorageEnabled: false}
Session ID: 9a008219-0269-42f9-83bc-51e1f2291e11
*** Element info: {Using=xpath, value=(//android.widget.TextView[@index='0'])[3]}
	at java.base/jdk.internal.reflect.NativeConstructorAccessorImpl.newInstance0(Native Method)
	at java.base/jdk.internal.reflect.NativeConstructorAccessorImpl.newInstance(NativeConstructorAccessorImpl.java:77)
	at java.base/jdk.internal.reflect.DelegatingConstructorAccessorImpl.newInstance(DelegatingConstructorAccessorImpl.java:45)
	at java.base/java.lang.reflect.Constructor.newInstanceWithCaller(Constructor.java:499)
	at java.base/java.lang.reflect.Constructor.newInstance(Constructor.java:480)
	at org.openqa.selenium.remote.http.W3CHttpResponseCodec.createException(W3CHttpResponseCodec.java:187)
	at org.openqa.selenium.remote.http.W3CHttpResponseCodec.decode(W3CHttpResponseCodec.java:122)
	at org.openqa.selenium.remote.http.W3CHttpResponseCodec.decode(W3CHttpResponseCodec.java:49)
	at org.openqa.selenium.remote.HttpCommandExecutor.execute(HttpCommandExecutor.java:158)
	at io.appium.java_client.remote.AppiumCommandExecutor.execute(AppiumCommandExecutor.java:239)
	at org.openqa.selenium.remote.RemoteWebDriver.execute(RemoteWebDriver.java:552)
	at io.appium.java_client.DefaultGenericMobileDriver.execute(DefaultGenericMobileDriver.java:41)
	at io.appium.java_client.AppiumDriver.execute(AppiumDriver.java:1)
	at org.openqa.selenium.remote.RemoteWebDriver.findElement(RemoteWebDriver.java:323)
	at io.appium.java_client.DefaultGenericMobileDriver.findElement(DefaultGenericMobileDriver.java:61)
	at io.appium.java_client.AppiumDriver.findElement(AppiumDriver.java:1)
	at org.openqa.selenium.remote.RemoteWebDriver.findElementByXPath(RemoteWebDriver.java:428)
	at io.appium.java_client.DefaultGenericMobileDriver.findElementByXPath(DefaultGenericMobileDriver.java:151)
	at io.appium.java_client.AppiumDriver.findElementByXPath(AppiumDriver.java:1)
	at org.openqa.selenium.By$ByXPath.findElement(By.java:353)
	at org.openqa.selenium.remote.RemoteWebDriver.findElement(RemoteWebDriver.java:315)
	at io.appium.java_client.DefaultGenericMobileDriver.findElement(DefaultGenericMobileDriver.java:57)
	at io.appium.java_client.AppiumDriver.findElement(AppiumDriver.java:1)
	at English_Android_Customer.CustomerApp_English_BaseClass.testOnDubaiMall_Cin_P3(CustomerApp_English_BaseClass.java:209)
	at English_Android_Customer.Launch_schedulelater_rideNow_DM_Cinema_Gpay.testOnDubaiMall_Cin_P3(Launch_schedulelater_rideNow_DM_Cinema_Gpay.java:61)
	at java.base/jdk.internal.reflect.NativeMethodAccessorImpl.invoke0(Native Method)
	at java.base/jdk.internal.reflect.NativeMethodAccessorImpl.invoke(NativeMethodAccessorImpl.java:77)
	at java.base/jdk.internal.reflect.DelegatingMethodAccessorImpl.invoke(DelegatingMethodAccessorImpl.java:43)
	at java.base/java.lang.reflect.Method.invoke(Method.java:568)
	at org.testng.internal.MethodInvocationHelper.invokeMethod(MethodInvocationHelper.java:86)
	at org.testng.internal.Invoker.invokeMethod(Invoker.java:643)
	at org.testng.internal.Invoker.invokeTestMethod(Invoker.java:820)
	at org.testng.internal.Invoker.invokeTestMethods(Invoker.java:1128)
	at org.testng.internal.TestMethodWorker.invokeTestMethods(TestMethodWorker.java:129)
	at org.testng.internal.TestMethodWorker.run(TestMethodWorker.java:112)
	at org.testng.TestRunner.privateRun(TestRunner.java:782)
	at org.testng.TestRunner.run(TestRunner.java:632)
	at org.testng.SuiteRunner.runTest(SuiteRunner.java:366)
	at org.testng.SuiteRunner.runSequentially(SuiteRunner.java:361)
	at org.testng.SuiteRunner.privateRun(SuiteRunner.java:319)
	at org.testng.SuiteRunner.run(SuiteRunner.java:268)
	at org.testng.SuiteRunnerWorker.runSuite(SuiteRunnerWorker.java:52)
	at org.testng.SuiteRunnerWorker.run(SuiteRunnerWorker.java:86)
	at org.testng.TestNG.runSuitesSequentially(TestNG.java:1244)
	at org.testng.TestNG.runSuitesLocally(TestNG.java:1169)
	at org.testng.TestNG.run(TestNG.java:1064)
	at org.testng.remote.AbstractRemoteTestNG.run(AbstractRemoteTestNG.java:115)
	at org.testng.remote.RemoteTestNG.initAndRun(RemoteTestNG.java:293)
	at org.testng.remote.RemoteTestNG.main(RemoteTestNG.java:91)
]]>
    </error>
  </testcase> <!-- testOnDubaiMall_Cin_P3 -->
  <testcase classname="English_Android_Customer.Launch_schedulelater_rideNow_DM_Cinema_Gpay" name="testScheduleLaterFlow" time="6.908"/>
</testsuite> <!-- English_Android_Customer.Launch_schedulelater_rideNow_DM_Cinema_Gpay -->
