<?xml version="1.0" encoding="UTF-8"?>
<!-- Generated by org.testng.reporters.JUnitReportReporter -->
<testsuite hostname="BGMacs-iMac.local" failures="0" tests="14" name="English_Android_Customer.Launch_Hourly_Others_Card" time="164.357" errors="4" timestamp="14 Jul 2025 11:39:12 GMT">
  <testcase classname="English_Android_Customer.Launch_Hourly_Others_Card" name="testOnpickupScreen" time="3.568">
    <error message="An unknown server-side error occurred while processing the command. Original error: Could not proxy command to the remote server. Original error: socket hang up
Build info: version: &#039;3.141.59&#039;, revision: &#039;e82be7d358&#039;, time: &#039;2018-11-14T08:17:03&#039;
System info: host: &#039;BGMacs-iMac.local&#039;, ip: &#039;192.168.1.3&#039;, os.name: &#039;Mac OS X&#039;, os.arch: &#039;x86_64&#039;, os.version: &#039;15.4.1&#039;, java.version: &#039;17.0.12&#039;
Driver info: io.appium.java_client.AppiumDriver
Capabilities {appActivity: com.moniic.customer.MainAct..., appPackage: com.moniic.customer.pp, automationName: UiAutomator2, databaseEnabled: false, desired: {appActivity: com.moniic.customer.MainAct..., appPackage: com.moniic.customer.pp, automationName: UiAutomator2, deviceName: emulator-5554, dontStopAppOnReset: true, newCommandTimeout: 600, platformName: android, platformVersion: 15}, deviceApiLevel: 35, deviceManufacturer: Google, deviceModel: sdk_gphone64_x86_64, deviceName: emulator-5554, deviceScreenDensity: 480, deviceScreenSize: 1080x2340, deviceUDID: emulator-5554, dontStopAppOnReset: true, javascriptEnabled: true, locationContextEnabled: false, networkConnectionEnabled: true, newCommandTimeout: 600, pixelRatio: 3, platform: LINUX, platformName: Android, platformVersion: 15, statBarHeight: 72, takesScreenshot: true, viewportRect: {height: 2268, left: 0, top: 72, width: 1080}, warnings: {}, webStorageEnabled: false}
Session ID: 848cb07c-d324-4edf-a8e1-2be81ac25f58
*** Element info: {Using=xpath, value=//android.widget.TextView[@index=&#039;0&#039; and @text=&#039;Your OTP&#039;]}" type="org.openqa.selenium.WebDriverException">
      <![CDATA[org.openqa.selenium.WebDriverException: An unknown server-side error occurred while processing the command. Original error: Could not proxy command to the remote server. Original error: socket hang up
Build info: version: '3.141.59', revision: 'e82be7d358', time: '2018-11-14T08:17:03'
System info: host: 'BGMacs-iMac.local', ip: '192.168.1.3', os.name: 'Mac OS X', os.arch: 'x86_64', os.version: '15.4.1', java.version: '17.0.12'
Driver info: io.appium.java_client.AppiumDriver
Capabilities {appActivity: com.moniic.customer.MainAct..., appPackage: com.moniic.customer.pp, automationName: UiAutomator2, databaseEnabled: false, desired: {appActivity: com.moniic.customer.MainAct..., appPackage: com.moniic.customer.pp, automationName: UiAutomator2, deviceName: emulator-5554, dontStopAppOnReset: true, newCommandTimeout: 600, platformName: android, platformVersion: 15}, deviceApiLevel: 35, deviceManufacturer: Google, deviceModel: sdk_gphone64_x86_64, deviceName: emulator-5554, deviceScreenDensity: 480, deviceScreenSize: 1080x2340, deviceUDID: emulator-5554, dontStopAppOnReset: true, javascriptEnabled: true, locationContextEnabled: false, networkConnectionEnabled: true, newCommandTimeout: 600, pixelRatio: 3, platform: LINUX, platformName: Android, platformVersion: 15, statBarHeight: 72, takesScreenshot: true, viewportRect: {height: 2268, left: 0, top: 72, width: 1080}, warnings: {}, webStorageEnabled: false}
Session ID: 848cb07c-d324-4edf-a8e1-2be81ac25f58
*** Element info: {Using=xpath, value=//android.widget.TextView[@index='0' and @text='Your OTP']}
	at java.base/jdk.internal.reflect.NativeConstructorAccessorImpl.newInstance0(Native Method)
	at java.base/jdk.internal.reflect.NativeConstructorAccessorImpl.newInstance(NativeConstructorAccessorImpl.java:77)
	at java.base/jdk.internal.reflect.DelegatingConstructorAccessorImpl.newInstance(DelegatingConstructorAccessorImpl.java:45)
	at java.base/java.lang.reflect.Constructor.newInstanceWithCaller(Constructor.java:499)
	at java.base/java.lang.reflect.Constructor.newInstance(Constructor.java:480)
	at org.openqa.selenium.remote.http.W3CHttpResponseCodec.createException(W3CHttpResponseCodec.java:187)
	at org.openqa.selenium.remote.http.W3CHttpResponseCodec.decode(W3CHttpResponseCodec.java:122)
	at org.openqa.selenium.remote.http.W3CHttpResponseCodec.decode(W3CHttpResponseCodec.java:49)
	at org.openqa.selenium.remote.HttpCommandExecutor.execute(HttpCommandExecutor.java:158)
	at io.appium.java_client.remote.AppiumCommandExecutor.execute(AppiumCommandExecutor.java:239)
	at org.openqa.selenium.remote.RemoteWebDriver.execute(RemoteWebDriver.java:552)
	at io.appium.java_client.DefaultGenericMobileDriver.execute(DefaultGenericMobileDriver.java:41)
	at io.appium.java_client.AppiumDriver.execute(AppiumDriver.java:1)
	at org.openqa.selenium.remote.RemoteWebDriver.findElement(RemoteWebDriver.java:323)
	at io.appium.java_client.DefaultGenericMobileDriver.findElement(DefaultGenericMobileDriver.java:61)
	at io.appium.java_client.AppiumDriver.findElement(AppiumDriver.java:1)
	at org.openqa.selenium.remote.RemoteWebDriver.findElementByXPath(RemoteWebDriver.java:428)
	at io.appium.java_client.DefaultGenericMobileDriver.findElementByXPath(DefaultGenericMobileDriver.java:151)
	at io.appium.java_client.AppiumDriver.findElementByXPath(AppiumDriver.java:1)
	at org.openqa.selenium.By$ByXPath.findElement(By.java:353)
	at org.openqa.selenium.remote.RemoteWebDriver.findElement(RemoteWebDriver.java:315)
	at io.appium.java_client.DefaultGenericMobileDriver.findElement(DefaultGenericMobileDriver.java:57)
	at io.appium.java_client.AppiumDriver.findElement(AppiumDriver.java:1)
	at English_Android_Customer.CustomerApp_English_BaseClass.testOnpickupScreen(CustomerApp_English_BaseClass.java:497)
	at English_Android_Customer.Launch_Hourly_Others_Card.testOnpickupScreen(Launch_Hourly_Others_Card.java:66)
	at java.base/jdk.internal.reflect.NativeMethodAccessorImpl.invoke0(Native Method)
	at java.base/jdk.internal.reflect.NativeMethodAccessorImpl.invoke(NativeMethodAccessorImpl.java:77)
	at java.base/jdk.internal.reflect.DelegatingMethodAccessorImpl.invoke(DelegatingMethodAccessorImpl.java:43)
	at java.base/java.lang.reflect.Method.invoke(Method.java:568)
	at org.testng.internal.MethodInvocationHelper.invokeMethod(MethodInvocationHelper.java:86)
	at org.testng.internal.Invoker.invokeMethod(Invoker.java:643)
	at org.testng.internal.Invoker.invokeTestMethod(Invoker.java:820)
	at org.testng.internal.Invoker.invokeTestMethods(Invoker.java:1128)
	at org.testng.internal.TestMethodWorker.invokeTestMethods(TestMethodWorker.java:129)
	at org.testng.internal.TestMethodWorker.run(TestMethodWorker.java:112)
	at org.testng.TestRunner.privateRun(TestRunner.java:782)
	at org.testng.TestRunner.run(TestRunner.java:632)
	at org.testng.SuiteRunner.runTest(SuiteRunner.java:366)
	at org.testng.SuiteRunner.runSequentially(SuiteRunner.java:361)
	at org.testng.SuiteRunner.privateRun(SuiteRunner.java:319)
	at org.testng.SuiteRunner.run(SuiteRunner.java:268)
	at org.testng.SuiteRunnerWorker.runSuite(SuiteRunnerWorker.java:52)
	at org.testng.SuiteRunnerWorker.run(SuiteRunnerWorker.java:86)
	at org.testng.TestNG.runSuitesSequentially(TestNG.java:1244)
	at org.testng.TestNG.runSuitesLocally(TestNG.java:1169)
	at org.testng.TestNG.run(TestNG.java:1064)
	at org.testng.remote.AbstractRemoteTestNG.run(AbstractRemoteTestNG.java:115)
	at org.testng.remote.RemoteTestNG.initAndRun(RemoteTestNG.java:293)
	at org.testng.remote.RemoteTestNG.main(RemoteTestNG.java:91)
]]>
    </error>
  </testcase> <!-- testOnpickupScreen -->
  <testcase classname="English_Android_Customer.Launch_Hourly_Others_Card" name="testOnMapAllowPopup" time="7.774"/>
  <testcase classname="English_Android_Customer.Launch_Hourly_Others_Card" name="testLetsgetstartedPage" time="37.769"/>
  <testcase classname="English_Android_Customer.Launch_Hourly_Others_Card" name="testOnchooseyourcarPage" time="7.998"/>
  <testcase classname="English_Android_Customer.Launch_Hourly_Others_Card" name="testOnHourlyselectDurationPage" time="12.144"/>
  <testcase classname="English_Android_Customer.Launch_Hourly_Others_Card" name="testOnIntroPage" time="4.719"/>
  <testcase classname="English_Android_Customer.Launch_Hourly_Others_Card" name="testOnOTPlogin_Simu" time="11.467"/>
  <testcase classname="English_Android_Customer.Launch_Hourly_Others_Card" name="testOnHourlyHomescreen" time="6.506"/>
  <testcase classname="English_Android_Customer.Launch_Hourly_Others_Card" name="testOnquicfeedbackScreen" time="0.000">
    <error message="Method Launch_Hourly_Others_Card.testOnquicfeedbackScreen()[pri:0, instance:English_Android_Customer.Launch_Hourly_Others_Card@4b741d6d] depends on not successfully finished methods" type="java.lang.Throwable">
      <![CDATA[java.lang.Throwable: Method Launch_Hourly_Others_Card.testOnquicfeedbackScreen()[pri:0, instance:English_Android_Customer.Launch_Hourly_Others_Card@4b741d6d] depends on not successfully finished methods
	at org.testng.internal.Invoker.invokeTestMethods(Invoker.java:1037)
	at org.testng.internal.TestMethodWorker.invokeTestMethods(TestMethodWorker.java:129)
	at org.testng.internal.TestMethodWorker.run(TestMethodWorker.java:112)
	at org.testng.TestRunner.privateRun(TestRunner.java:782)
	at org.testng.TestRunner.run(TestRunner.java:632)
	at org.testng.SuiteRunner.runTest(SuiteRunner.java:366)
	at org.testng.SuiteRunner.runSequentially(SuiteRunner.java:361)
	at org.testng.SuiteRunner.privateRun(SuiteRunner.java:319)
	at org.testng.SuiteRunner.run(SuiteRunner.java:268)
	at org.testng.SuiteRunnerWorker.runSuite(SuiteRunnerWorker.java:52)
	at org.testng.SuiteRunnerWorker.run(SuiteRunnerWorker.java:86)
	at org.testng.TestNG.runSuitesSequentially(TestNG.java:1244)
	at org.testng.TestNG.runSuitesLocally(TestNG.java:1169)
	at org.testng.TestNG.run(TestNG.java:1064)
	at org.testng.remote.AbstractRemoteTestNG.run(AbstractRemoteTestNG.java:115)
	at org.testng.remote.RemoteTestNG.initAndRun(RemoteTestNG.java:293)
	at org.testng.remote.RemoteTestNG.main(RemoteTestNG.java:91)
]]>
    </error>
  </testcase> <!-- testOnquicfeedbackScreen -->
  <testcase classname="English_Android_Customer.Launch_Hourly_Others_Card" name="testOnexperiencefeedbackScreen" time="0.000">
    <error message="Method Launch_Hourly_Others_Card.testOnexperiencefeedbackScreen()[pri:0, instance:English_Android_Customer.Launch_Hourly_Others_Card@4b741d6d] depends on not successfully finished methods" type="java.lang.Throwable">
      <![CDATA[java.lang.Throwable: Method Launch_Hourly_Others_Card.testOnexperiencefeedbackScreen()[pri:0, instance:English_Android_Customer.Launch_Hourly_Others_Card@4b741d6d] depends on not successfully finished methods
	at org.testng.internal.Invoker.invokeTestMethods(Invoker.java:1037)
	at org.testng.internal.TestMethodWorker.invokeTestMethods(TestMethodWorker.java:129)
	at org.testng.internal.TestMethodWorker.run(TestMethodWorker.java:112)
	at org.testng.TestRunner.privateRun(TestRunner.java:782)
	at org.testng.TestRunner.run(TestRunner.java:632)
	at org.testng.SuiteRunner.runTest(SuiteRunner.java:366)
	at org.testng.SuiteRunner.runSequentially(SuiteRunner.java:361)
	at org.testng.SuiteRunner.privateRun(SuiteRunner.java:319)
	at org.testng.SuiteRunner.run(SuiteRunner.java:268)
	at org.testng.SuiteRunnerWorker.runSuite(SuiteRunnerWorker.java:52)
	at org.testng.SuiteRunnerWorker.run(SuiteRunnerWorker.java:86)
	at org.testng.TestNG.runSuitesSequentially(TestNG.java:1244)
	at org.testng.TestNG.runSuitesLocally(TestNG.java:1169)
	at org.testng.TestNG.run(TestNG.java:1064)
	at org.testng.remote.AbstractRemoteTestNG.run(AbstractRemoteTestNG.java:115)
	at org.testng.remote.RemoteTestNG.initAndRun(RemoteTestNG.java:293)
	at org.testng.remote.RemoteTestNG.main(RemoteTestNG.java:91)
]]>
    </error>
  </testcase> <!-- testOnexperiencefeedbackScreen -->
  <testcase classname="English_Android_Customer.Launch_Hourly_Others_Card" name="testOnHourlyOthersHomeScreen" time="30.137"/>
  <testcase classname="English_Android_Customer.Launch_Hourly_Others_Card" name="testOnyourRidePageCard" time="32.157"/>
  <testcase classname="English_Android_Customer.Launch_Hourly_Others_Card" name="testOnHourlysManageYourPage" time="0.000">
    <error message="Method Launch_Hourly_Others_Card.testOnHourlysManageYourPage()[pri:0, instance:English_Android_Customer.Launch_Hourly_Others_Card@4b741d6d] depends on not successfully finished methods" type="java.lang.Throwable">
      <![CDATA[java.lang.Throwable: Method Launch_Hourly_Others_Card.testOnHourlysManageYourPage()[pri:0, instance:English_Android_Customer.Launch_Hourly_Others_Card@4b741d6d] depends on not successfully finished methods
	at org.testng.internal.Invoker.invokeTestMethods(Invoker.java:1037)
	at org.testng.internal.TestMethodWorker.invokeTestMethods(TestMethodWorker.java:129)
	at org.testng.internal.TestMethodWorker.run(TestMethodWorker.java:112)
	at org.testng.TestRunner.privateRun(TestRunner.java:782)
	at org.testng.TestRunner.run(TestRunner.java:632)
	at org.testng.SuiteRunner.runTest(SuiteRunner.java:366)
	at org.testng.SuiteRunner.runSequentially(SuiteRunner.java:361)
	at org.testng.SuiteRunner.privateRun(SuiteRunner.java:319)
	at org.testng.SuiteRunner.run(SuiteRunner.java:268)
	at org.testng.SuiteRunnerWorker.runSuite(SuiteRunnerWorker.java:52)
	at org.testng.SuiteRunnerWorker.run(SuiteRunnerWorker.java:86)
	at org.testng.TestNG.runSuitesSequentially(TestNG.java:1244)
	at org.testng.TestNG.runSuitesLocally(TestNG.java:1169)
	at org.testng.TestNG.run(TestNG.java:1064)
	at org.testng.remote.AbstractRemoteTestNG.run(AbstractRemoteTestNG.java:115)
	at org.testng.remote.RemoteTestNG.initAndRun(RemoteTestNG.java:293)
	at org.testng.remote.RemoteTestNG.main(RemoteTestNG.java:91)
]]>
    </error>
  </testcase> <!-- testOnHourlysManageYourPage -->
  <testcase classname="English_Android_Customer.Launch_Hourly_Others_Card" name="testOnNotificAllowPopup" time="10.118"/>
</testsuite> <!-- English_Android_Customer.Launch_Hourly_Others_Card -->
