<?xml version="1.0" encoding="UTF-8"?>
<!-- Generated by org.testng.reporters.JUnitXMLReporter -->
<testsuite ignored="0" hostname="BGMacs-iMac.local" failures="2" tests="8" name="SequentialTestRun" time="136.203" errors="0" timestamp="2025-06-27T12:31:25 IST">
  <testcase classname="RG_CUS_PP_IOS_ENG.Tc_03_S1" name="testOnLetsGoPage" time="5.63"/>
  <testcase classname="RG_CUS_PP_IOS_ENG.Tc_03_S1" name="testOnLetsgetStartedPage" time="30.339"/>
  <testcase classname="RG_CUS_PP_IOS_ENG.Tc_03_S1" name="testOnOtpPage" time="27.672"/>
  <testcase classname="RG_CUS_PP_IOS_ENG.Tc_03_S1" name="testOnAddressyouPage" time="0.199">
    <failure type="org.openqa.selenium.NoSuchElementException" message="An element could not be located on the page using the given search parameters.
For documentation on this error, please visit: https://www.seleniumhq.org/exceptions/no_such_element.html
Build info: version: &amp;apos;3.141.59&amp;apos;, revision: &amp;apos;e82be7d358&amp;apos;, time: &amp;apos;2018-11-14T08:17:03&amp;apos;
System info: host: &amp;apos;BGMacs-iMac.local&amp;apos;, ip: &amp;apos;127.0.0.1&amp;apos;, os.name: &amp;apos;Mac OS X&amp;apos;, os.arch: &amp;apos;x86_64&amp;apos;, os.version: &amp;apos;15.4.1&amp;apos;, java.version: &amp;apos;17.0.12&amp;apos;
Driver info: io.appium.java_client.ios.IOSDriver
Capabilities {automationName: XCUITest, browserName: , bundleId: com.moniic.customer.pp, databaseEnabled: false, deviceName: iPhone 16 Pro Max, javascriptEnabled: true, locationContextEnabled: false, networkConnectionEnabled: false, newCommandTimeout: 60000, platform: MAC, platformName: iOS, platformVersion: 18.3, takesScreenshot: true, udid: 53DF8505-F075-4A78-A27E-28C..., webStorageEnabled: false}
Session ID: 68f165e3-ecce-4383-b981-01caac969b99
*** Element info: {Using=accessibility id, value=Abbr}">
      <![CDATA[org.openqa.selenium.NoSuchElementException: An element could not be located on the page using the given search parameters.
For documentation on this error, please visit: https://www.seleniumhq.org/exceptions/no_such_element.html
Build info: version: '3.141.59', revision: 'e82be7d358', time: '2018-11-14T08:17:03'
System info: host: 'BGMacs-iMac.local', ip: '127.0.0.1', os.name: 'Mac OS X', os.arch: 'x86_64', os.version: '15.4.1', java.version: '17.0.12'
Driver info: io.appium.java_client.ios.IOSDriver
Capabilities {automationName: XCUITest, browserName: , bundleId: com.moniic.customer.pp, databaseEnabled: false, deviceName: iPhone 16 Pro Max, javascriptEnabled: true, locationContextEnabled: false, networkConnectionEnabled: false, newCommandTimeout: 60000, platform: MAC, platformName: iOS, platformVersion: 18.3, takesScreenshot: true, udid: 53DF8505-F075-4A78-A27E-28C..., webStorageEnabled: false}
Session ID: 68f165e3-ecce-4383-b981-01caac969b99
*** Element info: {Using=accessibility id, value=Abbr}
at org.openqa.selenium.remote.http.W3CHttpResponseCodec.createException(W3CHttpResponseCodec.java:187)
at org.openqa.selenium.remote.http.W3CHttpResponseCodec.decode(W3CHttpResponseCodec.java:122)
at org.openqa.selenium.remote.http.W3CHttpResponseCodec.decode(W3CHttpResponseCodec.java:49)
at org.openqa.selenium.remote.HttpCommandExecutor.execute(HttpCommandExecutor.java:158)
at io.appium.java_client.remote.AppiumCommandExecutor.execute(AppiumCommandExecutor.java:239)
at org.openqa.selenium.remote.RemoteWebDriver.execute(RemoteWebDriver.java:552)
at io.appium.java_client.DefaultGenericMobileDriver.execute(DefaultGenericMobileDriver.java:41)
at io.appium.java_client.AppiumDriver.execute(AppiumDriver.java:1)
at io.appium.java_client.ios.IOSDriver.execute(IOSDriver.java:1)
at org.openqa.selenium.remote.RemoteWebDriver.findElement(RemoteWebDriver.java:323)
at io.appium.java_client.DefaultGenericMobileDriver.findElement(DefaultGenericMobileDriver.java:61)
at io.appium.java_client.AppiumDriver.findElement(AppiumDriver.java:1)
at io.appium.java_client.ios.IOSDriver.findElement(IOSDriver.java:1)
at io.appium.java_client.FindsByAccessibilityId.findElementByAccessibilityId(FindsByAccessibilityId.java:37)
at RG_CUS_PP_IOS_ENG.BaseClass_Eng.testOnAddressyouPage(BaseClass_Eng.java:179)
at RG_CUS_PP_IOS_ENG.Tc_03_S1.testOnAddressyouPage(Tc_03_S1.java:27)
at java.base/java.util.ArrayList.forEach(ArrayList.java:1511)
... Removed 32 stack frames]]>
    </failure>
  </testcase> <!-- testOnAddressyouPage -->
  <testcase classname="RG_CUS_PP_IOS_ENG.Tc_03_S1" name="testOnhowAddressyouPage" time="0.0">
    <skipped/>
  </testcase> <!-- testOnhowAddressyouPage -->
  <testcase classname="RG_CUS_PP_IOS_ENG.Tc_03_S2" name="testOnLetsGoPage" time="5.719"/>
  <testcase classname="RG_CUS_PP_IOS_ENG.Tc_03_S2" name="testOnLetsgetStartedPage" time="17.426">
    <failure type="org.openqa.selenium.NoSuchElementException" message="An element could not be located on the page using the given search parameters.
For documentation on this error, please visit: https://www.seleniumhq.org/exceptions/no_such_element.html
Build info: version: &amp;apos;3.141.59&amp;apos;, revision: &amp;apos;e82be7d358&amp;apos;, time: &amp;apos;2018-11-14T08:17:03&amp;apos;
System info: host: &amp;apos;BGMacs-iMac.local&amp;apos;, ip: &amp;apos;127.0.0.1&amp;apos;, os.name: &amp;apos;Mac OS X&amp;apos;, os.arch: &amp;apos;x86_64&amp;apos;, os.version: &amp;apos;15.4.1&amp;apos;, java.version: &amp;apos;17.0.12&amp;apos;
Driver info: io.appium.java_client.ios.IOSDriver
Capabilities {automationName: XCUITest, browserName: , bundleId: com.moniic.customer.pp, databaseEnabled: false, deviceName: iPhone 16 Pro Max, javascriptEnabled: true, locationContextEnabled: false, networkConnectionEnabled: false, newCommandTimeout: 60000, platform: MAC, platformName: iOS, platformVersion: 18.3, takesScreenshot: true, udid: 53DF8505-F075-4A78-A27E-28C..., webStorageEnabled: false}
Session ID: 437fa2cc-8e2f-4eb5-9773-0a5782be054c
*** Element info: {Using=accessibility id, value=6}">
      <![CDATA[org.openqa.selenium.NoSuchElementException: An element could not be located on the page using the given search parameters.
For documentation on this error, please visit: https://www.seleniumhq.org/exceptions/no_such_element.html
Build info: version: '3.141.59', revision: 'e82be7d358', time: '2018-11-14T08:17:03'
System info: host: 'BGMacs-iMac.local', ip: '127.0.0.1', os.name: 'Mac OS X', os.arch: 'x86_64', os.version: '15.4.1', java.version: '17.0.12'
Driver info: io.appium.java_client.ios.IOSDriver
Capabilities {automationName: XCUITest, browserName: , bundleId: com.moniic.customer.pp, databaseEnabled: false, deviceName: iPhone 16 Pro Max, javascriptEnabled: true, locationContextEnabled: false, networkConnectionEnabled: false, newCommandTimeout: 60000, platform: MAC, platformName: iOS, platformVersion: 18.3, takesScreenshot: true, udid: 53DF8505-F075-4A78-A27E-28C..., webStorageEnabled: false}
Session ID: 437fa2cc-8e2f-4eb5-9773-0a5782be054c
*** Element info: {Using=accessibility id, value=6}
at org.openqa.selenium.remote.http.W3CHttpResponseCodec.createException(W3CHttpResponseCodec.java:187)
at org.openqa.selenium.remote.http.W3CHttpResponseCodec.decode(W3CHttpResponseCodec.java:122)
at org.openqa.selenium.remote.http.W3CHttpResponseCodec.decode(W3CHttpResponseCodec.java:49)
at org.openqa.selenium.remote.HttpCommandExecutor.execute(HttpCommandExecutor.java:158)
at io.appium.java_client.remote.AppiumCommandExecutor.execute(AppiumCommandExecutor.java:239)
at org.openqa.selenium.remote.RemoteWebDriver.execute(RemoteWebDriver.java:552)
at io.appium.java_client.DefaultGenericMobileDriver.execute(DefaultGenericMobileDriver.java:41)
at io.appium.java_client.AppiumDriver.execute(AppiumDriver.java:1)
at io.appium.java_client.ios.IOSDriver.execute(IOSDriver.java:1)
at org.openqa.selenium.remote.RemoteWebDriver.findElement(RemoteWebDriver.java:323)
at io.appium.java_client.DefaultGenericMobileDriver.findElement(DefaultGenericMobileDriver.java:61)
at io.appium.java_client.AppiumDriver.findElement(AppiumDriver.java:1)
at io.appium.java_client.ios.IOSDriver.findElement(IOSDriver.java:1)
at io.appium.java_client.FindsByAccessibilityId.findElementByAccessibilityId(FindsByAccessibilityId.java:37)
at RG_CUS_PP_IOS_ENG.BaseClass_Eng.testOnLetsgetStartedPage(BaseClass_Eng.java:138)
at RG_CUS_PP_IOS_ENG.Tc_03_S2.testOnLetsgetStartedPage(Tc_03_S2.java:19)
at java.base/java.util.ArrayList.forEach(ArrayList.java:1511)
... Removed 32 stack frames]]>
    </failure>
  </testcase> <!-- testOnLetsgetStartedPage -->
  <testcase classname="RG_CUS_PP_IOS_ENG.Tc_03_S2" name="testOnOtpPage" time="0.0">
    <skipped/>
  </testcase> <!-- testOnOtpPage -->
</testsuite> <!-- SequentialTestRun -->
